2025-11-16 20:11:25.435 [info] Reading sessions from keychain...
2025-11-16 20:11:25.435 [info] Getting sessions for all scopes...
2025-11-16 20:11:25.435 [info] Got 0 sessions for ...
2025-11-16 20:11:25.435 [info] Getting sessions for all scopes...
2025-11-16 20:11:25.435 [info] Got 0 sessions for ...
2025-11-16 20:11:25.435 [info] Getting sessions for all scopes...
2025-11-16 20:11:25.435 [info] Got 0 sessions for ...
2025-11-16 20:11:25.435 [info] Getting sessions for all scopes...
2025-11-16 20:11:25.435 [info] Got 0 sessions for ...
2025-11-16 20:11:25.435 [info] Getting sessions for all scopes...
2025-11-16 20:11:25.435 [info] Got 0 sessions for ...
2025-11-16 20:11:25.435 [info] Getting sessions for all scopes...
2025-11-16 20:11:25.435 [info] Got 0 sessions for ...
2025-11-16 20:11:25.435 [info] Getting sessions for all scopes...
2025-11-16 20:11:25.435 [info] Got 0 sessions for ...
2025-11-16 20:11:25.435 [info] Getting sessions for all scopes...
2025-11-16 20:11:25.435 [info] Got 0 sessions for ...
2025-11-16 20:11:25.435 [info] Getting sessions for all scopes...
2025-11-16 20:11:25.435 [info] Got 0 sessions for ...
2025-11-16 20:11:25.435 [info] Getting sessions for all scopes...
2025-11-16 20:11:25.435 [info] Got 0 sessions for ...
2025-11-16 20:11:25.435 [info] Getting sessions for all scopes...
2025-11-16 20:11:25.435 [info] Got 0 sessions for ...
2025-11-16 20:11:25.435 [info] Getting sessions for all scopes...
2025-11-16 20:11:25.435 [info] Got 0 sessions for ...
2025-11-16 20:11:25.979 [info] Getting sessions for read:user,repo,user:email,workflow...
2025-11-16 20:11:25.979 [info] Got 0 sessions for read:user,repo,user:email,workflow...
2025-11-16 20:11:27.269 [info] Getting sessions for all scopes...
2025-11-16 20:11:27.269 [info] Got 0 sessions for ...
