2025-11-16 20:11:25.804 [info] [main] Log level: Info
2025-11-16 20:11:25.804 [info] [main] Validating found git in: "git"
2025-11-16 20:11:25.804 [info] [main] Using git "2.51.2" from "git"
2025-11-16 20:11:25.804 [info] [Model][doInitialScan] Initial repository scan started
2025-11-16 20:11:25.804 [info] > git rev-parse --show-toplevel [7ms]
2025-11-16 20:11:25.804 [info] > git rev-parse --git-dir --git-common-dir --show-superproject-working-tree [4ms]
2025-11-16 20:11:25.804 [info] [Model][openRepository] Opened repository (path): /home/sparsha/Desktop/portfolio
2025-11-16 20:11:25.804 [info] [Model][openRepository] Opened repository (real path): /home/sparsha/Desktop/portfolio
2025-11-16 20:11:25.804 [info] [Model][openRepository] Opened repository (kind): repository
2025-11-16 20:11:25.804 [info] > git rev-parse --show-toplevel [3ms]
2025-11-16 20:11:25.804 [info] [Model][doInitialScan] Initial repository scan completed - repositories (1), closed repositories (0), parent repositories (0), unsafe repositories (0)
2025-11-16 20:11:25.804 [info] > git config --get commit.template [6ms]
2025-11-16 20:11:25.804 [info] > git for-each-ref --format=%(refname)%00%(upstream:short)%00%(objectname)%00%(upstream:track)%00%(upstream:remotename)%00%(upstream:remoteref) refs/heads/main refs/remotes/main [9ms]
2025-11-16 20:11:25.804 [warning] [Git][revParse] Unable to read file: ENOENT: no such file or directory, open '/home/sparsha/Desktop/portfolio/.git/refs/remotes/origin/main'
2025-11-16 20:11:25.804 [info] > git rev-parse refs/remotes/origin/main [6ms]
2025-11-16 20:11:25.805 [info] > git status -z -uall [5ms]
2025-11-16 20:11:25.889 [info] > git for-each-ref --sort -committerdate --format %(refname)%00%(objectname)%00%(*objectname) [85ms]
2025-11-16 20:11:25.934 [info] > git for-each-ref --format=%(refname)%00%(upstream:short)%00%(objectname)%00%(upstream:track)%00%(upstream:remotename)%00%(upstream:remoteref) refs/heads/main refs/remotes/main [30ms]
2025-11-16 20:11:25.941 [info] > git config --get --local branch.main.vscode-merge-base [4ms]
2025-11-16 20:11:25.946 [info] > git config --get commit.template [13ms]
2025-11-16 20:11:25.947 [info] > git for-each-ref --format=%(refname)%00%(upstream:short)%00%(objectname)%00%(upstream:track)%00%(upstream:remotename)%00%(upstream:remoteref) refs/heads/origin/main refs/remotes/origin/main [2ms]
2025-11-16 20:11:25.956 [info] > git merge-base refs/heads/main refs/remotes/origin/main [5ms]
2025-11-16 20:11:25.961 [info] > git for-each-ref --format=%(refname)%00%(upstream:short)%00%(objectname)%00%(upstream:track)%00%(upstream:remotename)%00%(upstream:remoteref) refs/heads/main refs/remotes/main [6ms]
2025-11-16 20:11:25.965 [warning] [Git][revParse] Unable to read file: ENOENT: no such file or directory, open '/home/sparsha/Desktop/portfolio/.git/refs/remotes/origin/main'
2025-11-16 20:11:25.965 [info] > git diff --name-status -z --diff-filter=ADMR --find-renames=50% 234f1d01fa3d1d6c12f2e8e573f71311ad1ac7f5...refs/remotes/origin/main -- [5ms]
2025-11-16 20:11:25.966 [info] > git rev-parse refs/remotes/origin/main [1ms]
2025-11-16 20:11:25.973 [info] > git status -z -uall [4ms]
2025-11-16 20:11:25.974 [info] > git for-each-ref --sort -committerdate --format %(refname)%00%(objectname)%00%(*objectname) [2ms]
2025-11-16 20:11:26.279 [info] > git check-ignore -v -z --stdin [2ms]
2025-11-16 20:11:26.290 [info] > git show --textconv :style.css [5ms]
2025-11-16 20:11:26.290 [info] > git ls-files --stage -- style.css [1ms]
2025-11-16 20:11:26.295 [info] > git cat-file -s c644c706cf6e7b38126a6b77f29033bb9d5c3886 [1ms]
2025-11-16 20:11:26.339 [info] > git blame --root --incremental 234f1d01fa3d1d6c12f2e8e573f71311ad1ac7f5 -- style.css [2ms]
2025-11-16 20:12:07.298 [info] > git show --textconv :index.html [4ms]
2025-11-16 20:12:07.299 [info] > git ls-files --stage -- index.html [2ms]
2025-11-16 20:12:07.303 [info] > git cat-file -s af11663f53d826e99bace006453f82e79206a7e9 [1ms]
2025-11-16 20:12:07.329 [info] > git blame --root --incremental 234f1d01fa3d1d6c12f2e8e573f71311ad1ac7f5 -- index.html [1ms]
2025-11-16 20:12:11.532 [info] > git show --textconv :style.css [6ms]
2025-11-16 20:12:11.532 [info] > git ls-files --stage -- style.css [1ms]
2025-11-16 20:12:11.536 [info] > git cat-file -s c644c706cf6e7b38126a6b77f29033bb9d5c3886 [1ms]
2025-11-16 20:12:23.702 [info] > git show --textconv :index.html [4ms]
2025-11-16 20:12:23.702 [info] > git ls-files --stage -- index.html [1ms]
2025-11-16 20:12:23.706 [info] > git cat-file -s af11663f53d826e99bace006453f82e79206a7e9 [1ms]
2025-11-16 20:12:31.817 [info] > git show --textconv :style.css [4ms]
2025-11-16 20:12:31.818 [info] > git ls-files --stage -- style.css [1ms]
2025-11-16 20:12:31.822 [info] > git cat-file -s c644c706cf6e7b38126a6b77f29033bb9d5c3886 [1ms]
2025-11-16 20:12:42.967 [info] > git show --textconv :style.css [4ms]
2025-11-16 20:12:42.968 [info] > git ls-files --stage -- style.css [1ms]
2025-11-16 20:12:42.971 [info] > git cat-file -s c644c706cf6e7b38126a6b77f29033bb9d5c3886 [1ms]
2025-11-16 20:12:45.612 [info] > git show --textconv :index.html [4ms]
2025-11-16 20:12:45.612 [info] > git ls-files --stage -- index.html [1ms]
2025-11-16 20:12:45.616 [info] > git cat-file -s af11663f53d826e99bace006453f82e79206a7e9 [1ms]
2025-11-16 20:12:47.855 [info] > git show --textconv :style.css [4ms]
2025-11-16 20:12:47.856 [info] > git ls-files --stage -- style.css [1ms]
2025-11-16 20:12:47.860 [info] > git cat-file -s c644c706cf6e7b38126a6b77f29033bb9d5c3886 [1ms]
2025-11-16 20:12:53.656 [info] > git show --textconv :index.html [5ms]
2025-11-16 20:12:53.656 [info] > git ls-files --stage -- index.html [1ms]
2025-11-16 20:12:53.661 [info] > git cat-file -s af11663f53d826e99bace006453f82e79206a7e9 [1ms]
2025-11-16 20:13:05.740 [info] > git show --textconv :style.css [4ms]
2025-11-16 20:13:05.741 [info] > git ls-files --stage -- style.css [1ms]
2025-11-16 20:13:05.746 [info] > git cat-file -s c644c706cf6e7b38126a6b77f29033bb9d5c3886 [1ms]
2025-11-16 20:13:09.038 [info] > git show --textconv :index.html [4ms]
2025-11-16 20:13:09.039 [info] > git ls-files --stage -- index.html [1ms]
2025-11-16 20:13:09.044 [info] > git cat-file -s af11663f53d826e99bace006453f82e79206a7e9 [1ms]
2025-11-16 20:13:14.247 [info] > git show --textconv :index.html [3ms]
2025-11-16 20:13:14.248 [info] > git ls-files --stage -- index.html [1ms]
2025-11-16 20:13:14.254 [info] > git cat-file -s af11663f53d826e99bace006453f82e79206a7e9 [1ms]
