2025-11-16 20:11:25.170 [info] Extension host with pid 6288 started
2025-11-16 20:11:25.170 [info] Skipping acquiring lock for /home/sparsha/.config/Code - OSS/User/workspaceStorage/8d6f87b7aabd8c904d8191dcbfbb8279.
2025-11-16 20:11:25.305 [info] ExtensionService#_doActivateExtension vscode.github-authentication, startup: false, activationEvent: 'onAuthenticationRequest:github'
2025-11-16 20:11:25.330 [info] ExtensionService#_doActivateExtension vscode.emmet, startup: false, activationEvent: 'onLanguage'
2025-11-16 20:11:25.347 [info] ExtensionService#_doActivateExtension vscode.css-language-features, startup: false, activationEvent: 'onLanguage:css'
2025-11-16 20:11:25.636 [info] ExtensionService#_doActivateExtension vscode.git-base, startup: true, activationEvent: '*', root cause: vscode.git
2025-11-16 20:11:25.656 [info] ExtensionService#_doActivateExtension vscode.git, startup: true, activationEvent: '*'
2025-11-16 20:11:25.701 [info] ExtensionService#_doActivateExtension vscode.github, startup: true, activationEvent: '*'
2025-11-16 20:11:25.795 [info] Eager extensions activated
2025-11-16 20:11:25.806 [info] ExtensionService#_doActivateExtension vscode.debug-auto-launch, startup: false, activationEvent: 'onStartupFinished'
2025-11-16 20:11:25.807 [info] ExtensionService#_doActivateExtension vscode.merge-conflict, startup: false, activationEvent: 'onStartupFinished'
2025-11-16 20:11:25.823 [info] ExtensionService#_doActivateExtension esbenp.prettier-vscode, startup: false, activationEvent: 'onStartupFinished'
2025-11-16 20:11:25.884 [info] ExtensionService#_doActivateExtension ritwickdey.LiveServer, startup: false, activationEvent: 'onStartupFinished'
2025-11-16 20:11:49.621 [info] ExtensionService#_doActivateExtension vscode.configuration-editing, startup: false, activationEvent: 'onLanguage:jsonc'
2025-11-16 20:11:49.629 [info] ExtensionService#_doActivateExtension vscode.json-language-features, startup: false, activationEvent: 'onLanguage:jsonc'
2025-11-16 20:11:49.672 [info] ExtensionService#_doActivateExtension vscode.typescript-language-features, startup: false, activationEvent: 'onLanguage:jsonc'
2025-11-16 20:12:07.108 [info] ExtensionService#_doActivateExtension vscode.html-language-features, startup: false, activationEvent: 'onLanguage:html'
2025-11-16 20:13:13.023 [info] ExtensionService#_doActivateExtension vscode.media-preview, startup: false, activationEvent: 'onCustomEditor:imagePreview.previewEditor'
2025-11-16 20:13:32.694 [info] Extension host terminating: renderer closed the MessagePort
2025-11-16 20:13:32.707 [info] Extension host with pid 6288 exiting with code 0
