2025-11-25 17:29:06.200 [info] [main] Log level: Info
2025-11-25 17:29:06.200 [info] [main] Validating found git in: "git"
2025-11-25 17:29:06.200 [info] [main] Using git "2.52.0" from "git"
2025-11-25 17:29:06.200 [info] [Model][doInitialScan] Initial repository scan started
2025-11-25 17:29:06.200 [info] > git rev-parse --show-toplevel [11ms]
2025-11-25 17:29:06.200 [info] fatal: not a git repository (or any of the parent directories): .git
2025-11-25 17:29:06.200 [info] > git rev-parse --show-toplevel [2ms]
2025-11-25 17:29:06.200 [info] fatal: not a git repository (or any of the parent directories): .git
2025-11-25 17:29:06.200 [info] > git rev-parse --show-toplevel [1ms]
2025-11-25 17:29:06.200 [info] fatal: not a git repository (or any of the parent directories): .git
2025-11-25 17:29:06.200 [info] > git rev-parse --show-toplevel [3ms]
2025-11-25 17:29:06.200 [info] fatal: not a git repository (or any of the parent directories): .git
2025-11-25 17:29:06.200 [info] [Model][doInitialScan] Initial repository scan completed - repositories (0), closed repositories (0), parent repositories (0), unsafe repositories (0)
2025-11-25 17:29:06.200 [info] > git rev-parse --show-toplevel [2ms]
2025-11-25 17:29:06.200 [info] fatal: not a git repository (or any of the parent directories): .git
2025-11-25 17:29:06.424 [info] > git rev-parse --show-toplevel [4ms]
2025-11-25 17:29:06.424 [info] fatal: not a git repository (or any of the parent directories): .git
2025-11-25 17:29:07.658 [info] > git rev-parse --show-toplevel [3ms]
2025-11-25 17:29:07.658 [info] fatal: not a git repository (or any of the parent directories): .git
2025-11-25 17:29:21.053 [info] > git rev-parse --show-toplevel [2ms]
2025-11-25 17:29:21.053 [info] fatal: not a git repository (or any of the parent directories): .git
2025-11-25 17:29:21.599 [info] > git rev-parse --show-toplevel [2ms]
2025-11-25 17:29:21.599 [info] fatal: not a git repository (or any of the parent directories): .git
2025-11-25 17:29:36.649 [info] > git rev-parse --show-toplevel [2ms]
2025-11-25 17:29:36.649 [info] fatal: not a git repository (or any of the parent directories): .git
2025-11-25 17:30:05.683 [info] > git rev-parse --show-toplevel [1ms]
2025-11-25 17:30:05.683 [info] fatal: not a git repository (or any of the parent directories): .git
2025-11-25 17:30:08.054 [info] > git rev-parse --show-toplevel [1ms]
2025-11-25 17:30:08.054 [info] fatal: not a git repository (or any of the parent directories): .git
2025-11-25 17:34:38.744 [info] > git rev-parse --show-toplevel [1ms]
2025-11-25 17:34:38.744 [info] fatal: not a git repository (or any of the parent directories): .git
2025-11-25 17:35:03.723 [info] > git rev-parse --show-toplevel [1ms]
2025-11-25 17:35:03.723 [info] fatal: not a git repository (or any of the parent directories): .git
2025-11-25 17:35:09.934 [info] > git rev-parse --show-toplevel [1ms]
2025-11-25 17:35:09.934 [info] fatal: not a git repository (or any of the parent directories): .git
