2025-11-25 17:29:05.682 [info] Extension host with pid 9840 started
2025-11-25 17:29:05.682 [info] Skipping acquiring lock for /home/sparsha/.config/Code - OSS/User/workspaceStorage/1d78e18bddcf9f25fbf4ae9aa1ee64d4.
2025-11-25 17:29:05.815 [info] ExtensionService#_doActivateExtension vscode.github-authentication, startup: false, activationEvent: 'onAuthenticationRequest:github'
2025-11-25 17:29:05.838 [info] ExtensionService#_doActivateExtension vscode.emmet, startup: false, activationEvent: 'onLanguage'
2025-11-25 17:29:05.855 [info] ExtensionService#_doActivateExtension vscode.typescript-language-features, startup: false, activationEvent: 'onLanguage:javascript'
2025-11-25 17:29:06.029 [info] ExtensionService#_doActivateExtension vscode.git-base, startup: true, activationEvent: '*', root cause: vscode.git
2025-11-25 17:29:06.036 [info] ExtensionService#_doActivateExtension vscode.git, startup: true, activationEvent: '*'
2025-11-25 17:29:06.100 [info] ExtensionService#_doActivateExtension vscode.github, startup: true, activationEvent: '*'
2025-11-25 17:29:06.207 [info] Eager extensions activated
2025-11-25 17:29:06.228 [info] ExtensionService#_doActivateExtension vscode.debug-auto-launch, startup: false, activationEvent: 'onStartupFinished'
2025-11-25 17:29:06.230 [info] ExtensionService#_doActivateExtension vscode.merge-conflict, startup: false, activationEvent: 'onStartupFinished'
2025-11-25 17:29:06.253 [info] ExtensionService#_doActivateExtension esbenp.prettier-vscode, startup: false, activationEvent: 'onStartupFinished'
2025-11-25 17:29:06.333 [info] ExtensionService#_doActivateExtension ritwickdey.LiveServer, startup: false, activationEvent: 'onStartupFinished'
2025-11-25 17:29:21.066 [info] ExtensionService#_doActivateExtension vscode.html-language-features, startup: false, activationEvent: 'onLanguage:html'
2025-11-25 17:30:08.130 [info] ExtensionService#_doActivateExtension vscode.css-language-features, startup: false, activationEvent: 'onLanguage:css'
2025-11-25 17:35:03.741 [info] ExtensionService#_doActivateExtension vscode.extension-editing, startup: false, activationEvent: 'onLanguage:markdown'
2025-11-25 17:35:03.753 [info] ExtensionService#_doActivateExtension vscode.markdown-language-features, startup: false, activationEvent: 'onLanguage:markdown'
2025-11-25 17:35:04.087 [info] ExtensionService#_doActivateExtension vscode.markdown-math, startup: false, activationEvent: 'api', root cause: vscode.markdown-language-features
2025-11-25 17:39:37.218 [info] Extension host terminating: renderer closed the MessagePort
2025-11-25 17:39:37.231 [info] Extension host with pid 9840 exiting with code 0
